nohup: ignoring input
[dotenv@17.2.3] injecting env (19) from .env -- tip: 🔐 prevent building .env in docker: https://dotenvx.com/prebuild
[dotenv@17.2.3] injecting env (0) from .env -- tip: 🔐 encrypt with Dotenvx: https://dotenvx.com
🚀 GraphQL Proxy endpoint ready at /graphql
   Proxying to: https://shopwice.com/graphql
🚀 Server running on port 3000
📊 Environment: development
🔒 Security: Helmet enabled
📦 Compression: Enabled
⚡ Rate Limiting: undefined requests per NaNs
🔌 Redis Client Connected
✅ Redis Client Ready
Upstream Headers for /cart: {
  "date": "Sat, 10 Jan 2026 13:03:01 GMT",
  "content-type": "application/json; charset=UTF-8",
  "transfer-encoding": "chunked",
  "connection": "keep-alive",
  "server": "cloudflare",
  "vary": "Accept-Encoding, Accept-Encoding, Origin",
  "x-flying-press-cache": "MISS",
  "x-flying-press-source": "PHP",
  "set-cookie": [
    "wfwaf-authcookie-bc1c4dd7223ccfa424421079d4a006fb=3%7Cadministrator%7Cmanage_options%2Cunfiltered_html%2Cedit_others_posts%2Cupload_files%2Cpublish_posts%2Cedit_posts%2Cread%7Cb5e36025270271a4d6d3967300e54735c27e10df997216b85527592b2b8b6656; expires=Sun, 11 Jan 2026 01:02:55 GMT; Max-Age=43200; path=/; secure; HttpOnly",
    "_fbp=fb.1.1768050175976.249729690.AQ; expires=Fri, 10 Apr 2026 13:02:55 GMT; Max-Age=7776000; path=/; domain=shopwice.com",
    "wp_automatewoo_visitor_54636fbe8fe76ab9968e42b12384ac60=earpff796qqbf9njas4d; expires=Sun, 10 Jan 2027 13:02:59 GMT; Max-Age=31536000; path=/; secure",
    "wp_automatewoo_session_started=1; path=/; secure",
    "woocommerce_items_in_cart=1; path=/",
    "woocommerce_cart_hash=77fb6c0641c7aa45fb4e8a5b3f707c14; path=/",
    "wp_woocommerce_session_54636fbe8fe76ab9968e42b12384ac60=3%7C1768654976%7C1768136576%7C%24generic%24TRDjyMSsMEmZsWerOA_n9POx9lH2NAXHlhZOEjix; expires=Sat, 17 Jan 2026 13:02:56 GMT; Max-Age=604797; path=/; secure; HttpOnly"
  ],
  "x-robots-tag": "noindex",
  "link": "<https://shopwice.com/wp-json/>; rel=\"https://api.w.org/\"",
  "x-content-type-options": "nosniff, nosniff",
  "access-control-expose-headers": "X-WP-Total, X-WP-TotalPages, Link, Cart-Token",
  "x-qm-overview-time-taken": "4.1492",
  "x-qm-overview-time-usage": "1.4% of 300s limit",
  "x-qm-overview-memory": "183.8 MB",
  "x-qm-overview-memory-usage": "9.0% of 2,048 MB server limit",
  "x-qm-php_errors-count": "1",
  "x-qm-php_errors-error-1": "{\"key\":\"9a24d39828ef12456e88080645f82f1e\",\"type\":\"warning\",\"message\":\"Undefined array key \\\"cart_subtotal\\\"\",\"file\":\"wp-content\\/plugins\\/woocommerce-distance-rate-shipping\\/includes\\/class-wc-shipping-distance-rate.php\",\"line\":878,\"stack\":[\"WC_Shipping_Distance_Rate->get_rates()\",\"WC_Shipping_Distance_Rate->is_available()\",\"WC_Shipping_Method->get_rates_for_package()\",\"WC_Shipping->calculate_shipping_for_package()\",\"WC_Shipping->calculate_shipping()\",\"WC_Cart->calculate_shipping()\",\"WC_Cart_Totals->get_shipping_from_cart()\",\"WC_Cart_Totals->calculate_shipping_totals()\",\"WC_Cart_Totals->calculate()\",\"WC_Cart_Totals->__construct()\",\"WC_Cart->calculate_totals()\",\"Automattic\\\\W\\\\S\\\\U\\\\CartController->calculate_totals()\",\"Automattic\\\\W\\\\S\\\\U\\\\CartController->get_cart_for_response()\",\"Automattic\\\\W\\\\S\\\\R\\\\V\\\\Cart->get_route_response()\",\"Automattic\\\\W\\\\S\\\\R\\\\V\\\\AbstractRoute->get_response_by_request_method()\",\"Automattic\\\\W\\\\S\\\\R\\\\V\\\\AbstractCartRoute->get_response()\",\"WP_REST_Server->respond_to_request()\",\"WP_REST_Server->dispatch()\",\"WP_REST_Server->serve_request()\",\"rest_api_loaded()\",\"do_action_ref_array('parse_request')\",\"WP->parse_request()\",\"WP->main()\",\"wp()\"],\"component\":\"Plugin: woocommerce-distance-rate-shipping\"}",
  "nonce": "745f7902a3",
  "nonce-timestamp": "1768050179",
  "user-id": "3",
  "cart-token": "eyJhbGciOiJIUzI1NiIsInR5cCI6IkpXVCJ9.eyJ1c2VyX2lkIjoiMyIsImV4cCI6MTc2ODIyMjk3OSwiaXNzIjoic3RvcmUtYXBpIiwiaWF0IjoxNzY4MDUwMTc5fQ.Fjb7vq2fHq2-wqQyod7W7gTBJSEKbgsbUBWX48e7V9Y",
  "cart-hash": "77fb6c0641c7aa45fb4e8a5b3f707c14",
  "allow": "GET",
  "expires": "Wed, 11 Jan 1984 05:00:00 GMT",
  "cache-control": "no-cache, must-revalidate, max-age=0, no-store, private",
  "access-control-allow-origin": "*",
  "access-control-allow-headers": "Content-Type, Authorization, Access-Control-Allow-Headers",
  "access-control-allow-methods": "OPTIONS, GET, POST, PUT, PATCH, DELETE",
  "access-control-allow-credentials": "true",
  "x-frame-options": "SAMEORIGIN",
  "x-xss-protection": "1; mode=block",
  "x-permitted-cross-domain-policies": "master-only",
  "referrer-policy": "same-origin",
  "alt-svc": "h3=\":443\"; ma=86400",
  "cf-cache-status": "BYPASS",
  "nel": "{\"report_to\":\"cf-nel\",\"success_fraction\":0.0,\"max_age\":604800}",
  "speculation-rules": "\"/cdn-cgi/speculation\"",
  "report-to": "{\"group\":\"cf-nel\",\"max_age\":604800,\"endpoints\":[{\"url\":\"https://a.nel.cloudflare.com/report/v4?s=H7O4jKI%2FiI6Zi3xP%2BUwwWMU6bZOeYC8Zsff2b4ltjB2wNYDjwhbpd9qOTWE9F5CQvMloCg36coc%2FGvArrIOdu9ByZs%2FwLOoGmRlRMqBQZrQtVKUdO74%3D\"}]}",
  "cf-ray": "9bbc5f1af82673cc-JNB"
}
Forwarding Nonce: 745f7902a3
Checkout Error: <!DOCTYPE html>
<!--[if lt IE 7]> <html class="no-js ie6 oldie" lang="en-US"> <![endif]-->
<!--[if IE 7]>    <html class="no-js ie7 oldie" lang="en-US"> <![endif]-->
<!--[if IE 8]>    <html class="no-js ie8 oldie" lang="en-US"> <![endif]-->
<!--[if gt IE 8]><!--> <html class="no-js" lang="en-US"> <!--<![endif]-->
<head>

<title>shopwice.com | 524: A timeout occurred</title>
<meta charset="UTF-8" />
<meta http-equiv="Content-Type" content="text/html; charset=UTF-8" />
<meta http-equiv="X-UA-Compatible" content="IE=Edge" />
<meta name="robots" content="noindex, nofollow" />
<meta name="viewport" content="width=device-width,initial-scale=1" />
<link rel="stylesheet" id="cf_styles-css" href="/cdn-cgi/styles/main.css" />
</head>
<body>
<div id="cf-wrapper">
    <div id="cf-error-details" class="p-0">
        <header class="mx-auto pt-10 lg:pt-6 lg:px-8 w-240 lg:w-full mb-8">
            <h1 class="inline-block sm:block sm:mb-2 font-light text-60 lg:text-4xl text-black-dark leading-tight mr-2">
                <span class="inline-block">A timeout occurred</span>
                <span class="code-label">Error code 524</span>
            </h1>
            <div>
                Visit <a href="https://www.cloudflare.com/5xx-error-landing?utm_source=errorcode_524&utm_campaign=shopwice.com" target="_blank" rel="noopener noreferrer">cloudflare.com</a> for more information.
            </div>
            <div class="mt-3">2026-01-10 13:05:13 UTC</div>
        </header>
        <div class="my-8 bg-gradient-gray">
            <div class="w-240 lg:w-full mx-auto">
                <div class="clearfix md:px-8">
                    <div id="cf-browser-status" class=" relative w-1/3 md:w-full py-15 md:p-0 md:py-8 md:text-left md:border-solid md:border-0 md:border-b md:border-gray-400 overflow-hidden float-left md:float-none text-center">
  <div class="relative mb-10 md:m-0">
    
    <span class="cf-icon-browser block md:hidden h-20 bg-center bg-no-repeat"></span>
    <span class="cf-icon-ok w-12 h-12 absolute left-1/2 md:left-auto md:right-0 md:top-0 -ml-6 -bottom-4"></span>
    
  </div>
  <span class="md:block w-full truncate">You</span>
  <h3 class="md:inline-block mt-3 md:mt-0 text-2xl text-gray-600 font-light leading-1.3">
  
    Browser
  
  </h3>
  
  <span class="leading-1.3 text-2xl text-green-success">Working</span>
  
</div>
                    <div id="cf-cloudflare-status" class=" relative w-1/3 md:w-full py-15 md:p-0 md:py-8 md:text-left md:border-solid md:border-0 md:border-b md:border-gray-400 overflow-hidden float-left md:float-none text-center">
  <div class="relative mb-10 md:m-0">
    <a href="https://www.cloudflare.com/5xx-error-landing?utm_source=errorcode_524&#38;utm_campaign=shopwice.com" target="_blank" rel="noopener noreferrer">
    <span class="cf-icon-cloud block md:hidden h-20 bg-center bg-no-repeat"></span>
    <span class="cf-icon-ok w-12 h-12 absolute left-1/2 md:left-auto md:right-0 md:top-0 -ml-6 -bottom-4"></span>
    </a>
  </div>
  <span class="md:block w-full truncate">Johannesburg</span>
  <h3 class="md:inline-block mt-3 md:mt-0 text-2xl text-gray-600 font-light leading-1.3">
  <a href="https://www.cloudflare.com/5xx-error-landing?utm_source=errorcode_524&utm_campaign=shopwice.com" target="_blank" rel="noopener noreferrer">
    Cloudflare
  </a>
  </h3>
  
  <span class="leading-1.3 text-2xl text-green-success">Working</span>
  
</div>
                    <div id="cf-host-status" class="cf-error-source relative w-1/3 md:w-full py-15 md:p-0 md:py-8 md:text-left md:border-solid md:border-0 md:border-b md:border-gray-400 overflow-hidden float-left md:float-none text-center">
  <div class="relative mb-10 md:m-0">
    
    <span class="cf-icon-server block md:hidden h-20 bg-center bg-no-repeat"></span>
    <span class="cf-icon-error w-12 h-12 absolute left-1/2 md:left-auto md:right-0 md:top-0 -ml-6 -bottom-4"></span>
    
  </div>
  <span class="md:block w-full truncate">shopwice.com</span>
  <h3 class="md:inline-block mt-3 md:mt-0 text-2xl text-gray-600 font-light leading-1.3">
  
    Host
  
  </h3>
  
  <span class="leading-1.3 text-2xl text-red-error">Error</span>
  
</div>
                </div>
            </div>
        </div>

        <div class="w-240 lg:w-full mx-auto mb-8 lg:px-8">
            <div class="clearfix">
                <div class="w-1/2 md:w-full float-left pr-6 md:pb-10 md:pr-0 leading-relaxed">
                    <h2 class="text-3xl font-normal leading-1.3 mb-4">What happened?</h2>
                    <p class="mb-2">The origin web server timed out responding to this request.</p><p>The likely cause is an overloaded background task, database or application, stressing the resources on the host web server.</p>
                </div>
                <div class="w-1/2 md:w-full float-left leading-relaxed">
                    <h2 class="text-3xl font-normal leading-1.3 mb-4">What can I do?</h2>
                    
              <h3 class="text-15 font-semibold mb-2">If you're a visitor of this website:</h3>
              <p class="mb-6">Please try again in a few minutes.</p>

              <h3 class="text-15 font-semibold mb-2">If you're the owner of this website:</h3>
              <p>Please refer to the <a rel="noopener noreferrer" href="https://developers.cloudflare.com/support/troubleshooting/http-status-codes/cloudflare-5xx-errors/error-524/">Error 524</a> article:</p>
              <ul class="ml-4">
                <li>Contact your hosting provider; check for long-running processes or an overloaded web server.</li>
                <li>Use status polling of large HTTP processes to avoid this error.</li>
                <li>Run the long-running scripts on a <a rel="noopener noreferrer" href="https://developers.cloudflare.com/dns/proxy-status/#dns-only-records">grey-clouded subdomain</a>.</li>
                <li>Enterprise customers can <a rel="noopener noreferrer" href="https://developers.cloudflare.com/support/troubleshooting/http-status-codes/cloudflare-5xx-errors/error-524/#resolution-on-cloudflare">increase the timeout setting</a> globally or for specific requests using Cache Rules.</li>
              </ul>
                </div>
            </div>
        </div>

        <div class="cf-error-footer cf-wrapper w-240 lg:w-full py-10 sm:py-4 sm:px-8 mx-auto text-center sm:text-left border-solid border-0 border-t border-gray-300">
    <p class="text-13">
      <span class="cf-footer-item sm:block sm:mb-1">Cloudflare Ray ID: <strong class="font-semibold">9bbc5f6eab4c73cc</strong></span>
      <span class="cf-footer-separator sm:hidden">&bull;</span>
      <span id="cf-footer-item-ip" class="cf-footer-item hidden sm:block sm:mb-1">
        Your IP:
        <button type="button" id="cf-footer-ip-reveal" class="cf-footer-ip-reveal-btn">Click to reveal</button>
        <span class="hidden" id="cf-footer-ip">2a05:f480:3000:2af8:5400:5ff:fe9b:85e8</span>
        <span class="cf-footer-separator sm:hidden">&bull;</span>
      </span>
      <span class="cf-footer-item sm:block sm:mb-1"><span>Performance &amp; security by</span> <a rel="noopener noreferrer" href="https://www.cloudflare.com/5xx-error-landing?utm_source=errorcode_524&#38;utm_campaign=shopwice.com" id="brand_link" target="_blank">Cloudflare</a></span>
      
    </p>
    <script>(function(){function d(){var b=a.getElementById("cf-footer-item-ip"),c=a.getElementById("cf-footer-ip-reveal");b&&"classList"in b&&(b.classList.remove("hidden"),c.addEventListener("click",function(){c.classList.add("hidden");a.getElementById("cf-footer-ip").classList.remove("hidden")}))}var a=document;document.addEventListener&&a.addEventListener("DOMContentLoaded",d)})();</script>
  </div><!-- /.error-footer -->

    </div>
</div>
</body>
</html>
Invalid JWT token: invalid signature
GraphQL Request: { operationName: 'GetCart', hasVariables: true, queryLength: 1256 }
Invalid JWT token: invalid signature
GraphQL Request: {
  operationName: 'GetPaymentGateways',
  hasVariables: true,
  queryLength: 141
}
Invalid JWT token: invalid signature
GraphQL Request: {
  operationName: 'GetPaymentGateways',
  hasVariables: true,
  queryLength: 141
}
Invalid JWT token: invalid signature
GraphQL Request: { operationName: 'GetCart', hasVariables: true, queryLength: 1256 }
Invalid JWT token: invalid signature
GraphQL Request: { operationName: 'GetCart', hasVariables: true, queryLength: 1256 }
Invalid JWT token: invalid signature
GraphQL Request: {
  operationName: 'UpdateCustomer',
  hasVariables: true,
  queryLength: 530
}
Invalid JWT token: invalid signature
GraphQL Request: { operationName: 'GetCart', hasVariables: true, queryLength: 1256 }
Invalid JWT token: invalid signature
GraphQL Request: { operationName: 'GetCart', hasVariables: true, queryLength: 1256 }
Invalid JWT token: invalid signature
GraphQL Request: { operationName: 'Checkout', hasVariables: true, queryLength: 211 }
Invalid JWT token: invalid signature
GraphQL Request: { operationName: 'GetCart', hasVariables: true, queryLength: 1256 }
Invalid JWT token: invalid signature
GraphQL Request: { operationName: 'Checkout', hasVariables: true, queryLength: 211 }
GraphQL Proxy Error: timeout of 30000ms exceeded
GraphQL Response Errors: [
  {
    message: 'Failed to proxy GraphQL request',
    extensions: {
      code: 'ECONNABORTED',
      originalError: 'timeout of 30000ms exceeded'
    }
  }
]
Invalid JWT token: invalid signature
GraphQL Request: { operationName: 'GetProducts', hasVariables: true, queryLength: 1036 }
Invalid JWT token: invalid signature
GraphQL Request: { operationName: 'GetProducts', hasVariables: true, queryLength: 1036 }
Invalid JWT token: invalid signature
GraphQL Request: { operationName: 'GetProducts', hasVariables: true, queryLength: 1036 }
Invalid JWT token: invalid signature
GraphQL Request: { operationName: 'GetProducts', hasVariables: true, queryLength: 1036 }
Invalid JWT token: invalid signature
GraphQL Request: { operationName: 'GetProducts', hasVariables: true, queryLength: 1036 }
Invalid JWT token: invalid signature
GraphQL Request: { operationName: 'GetProducts', hasVariables: true, queryLength: 1036 }
GraphQL Proxy Error: timeout of 30000ms exceeded
GraphQL Response Errors: [
  {
    message: 'Failed to proxy GraphQL request',
    extensions: {
      code: 'ECONNABORTED',
      originalError: 'timeout of 30000ms exceeded'
    }
  }
]
Invalid JWT token: invalid signature
GraphQL Request: { operationName: 'GetProducts', hasVariables: true, queryLength: 1036 }
Invalid JWT token: invalid signature
GraphQL Request: { operationName: 'GetProducts', hasVariables: true, queryLength: 1036 }
Invalid JWT token: invalid signature
GraphQL Request: { operationName: 'GetCart', hasVariables: true, queryLength: 1256 }
GraphQL Proxy Error: Request failed with status code 500
GraphQL Proxy Error: Request failed with status code 500
GraphQL Proxy Error: Request failed with status code 500
GraphQL Proxy Error: Request failed with status code 500
GraphQL Request: { operationName: 'GetCart', hasVariables: true, queryLength: 1256 }
GraphQL Proxy Error: Request failed with status code 500
GraphQL Request: { operationName: 'GetCart', hasVariables: true, queryLength: 1256 }
GraphQL Proxy Error: Request failed with status code 500
GraphQL Request: { operationName: 'GetCart', hasVariables: true, queryLength: 1256 }
GraphQL Request: { operationName: 'GetCart', hasVariables: true, queryLength: 1256 }
GraphQL Request: { operationName: 'GetCart', hasVariables: true, queryLength: 1256 }
Invalid JWT token: invalid signature
GraphQL Request: { operationName: 'GetCart', hasVariables: true, queryLength: 1256 }
Invalid JWT token: invalid signature
GraphQL Request: { operationName: 'GetCart', hasVariables: true, queryLength: 1256 }
Invalid JWT token: invalid signature
GraphQL Request: { operationName: 'GetCart', hasVariables: true, queryLength: 1256 }
Invalid JWT token: invalid signature
GraphQL Request: { operationName: 'GetCart', hasVariables: true, queryLength: 1256 }
Invalid JWT token: invalid signature
GraphQL Request: {
  operationName: 'GetBestSellers',
  hasVariables: true,
  queryLength: 929
}
Invalid JWT token: invalid signature
GraphQL Request: { operationName: 'GetProducts', hasVariables: true, queryLength: 1036 }
Invalid JWT token: invalid signature
GraphQL Request: { operationName: 'GetCart', hasVariables: true, queryLength: 1256 }
Invalid JWT token: invalid signature
GraphQL Request: { operationName: 'GetProducts', hasVariables: true, queryLength: 1036 }
Invalid JWT token: invalid signature
GraphQL Request: { operationName: 'GetCart', hasVariables: true, queryLength: 1256 }
Invalid JWT token: invalid signature
GraphQL Request: { operationName: 'GetCart', hasVariables: true, queryLength: 1256 }
Invalid JWT token: invalid signature
GraphQL Request: { operationName: 'GetProducts', hasVariables: true, queryLength: 1036 }
Invalid JWT token: invalid signature
GraphQL Request: { operationName: 'GetProducts', hasVariables: true, queryLength: 1036 }
Invalid JWT token: invalid signature
GraphQL Request: { operationName: 'GetProducts', hasVariables: true, queryLength: 1036 }
Invalid JWT token: invalid signature
GraphQL Request: { operationName: 'GetProducts', hasVariables: true, queryLength: 1036 }
Invalid JWT token: invalid signature
GraphQL Request: { operationName: 'GetCart', hasVariables: true, queryLength: 1256 }
Invalid JWT token: invalid signature
GraphQL Request: { operationName: 'GetCart', hasVariables: true, queryLength: 1256 }
Invalid JWT token: invalid signature
GraphQL Request: { operationName: 'GetCart', hasVariables: true, queryLength: 1256 }
Invalid JWT token: invalid signature
GraphQL Request: { operationName: 'GetCart', hasVariables: true, queryLength: 1256 }
SIGTERM signal received: closing HTTP server
HTTP server closed
[dotenv@17.2.3] injecting env (19) from .env -- tip: ⚙️  write to custom object with { processEnv: myObject }
[dotenv@17.2.3] injecting env (0) from .env -- tip: 🔐 prevent committing .env to code: https://dotenvx.com/precommit
🚀 GraphQL Proxy endpoint ready at /graphql
   Proxying to: https://shopwice.com/graphql
🚀 Server running on port 3000
📊 Environment: development
🔒 Security: Helmet enabled
📦 Compression: Enabled
⚡ Rate Limiting: undefined requests per NaNs
🔌 Redis Client Connected
✅ Redis Client Ready
Invalid JWT token: invalid signature
GraphQL Request: { operationName: 'GetCart', hasVariables: true, queryLength: 1256 }
Invalid JWT token: invalid signature
GraphQL Request: { operationName: 'GetCart', hasVariables: true, queryLength: 1256 }
Invalid JWT token: invalid signature
GraphQL Request: {
  operationName: 'GetPaymentGateways',
  hasVariables: true,
  queryLength: 141
}
Invalid JWT token: invalid signature
GraphQL Request: { operationName: 'GetCart', hasVariables: true, queryLength: 1256 }
Invalid JWT token: invalid signature
GraphQL Request: { operationName: 'GetCart', hasVariables: true, queryLength: 1256 }
Invalid JWT token: invalid signature
GraphQL Request: { operationName: 'GetCart', hasVariables: true, queryLength: 1256 }
Invalid JWT token: invalid signature
GraphQL Request: { operationName: 'GetCart', hasVariables: true, queryLength: 1256 }
Invalid JWT token: invalid signature
GraphQL Request: { operationName: 'GetCart', hasVariables: true, queryLength: 1256 }
Invalid JWT token: invalid signature
GraphQL Request: { operationName: 'GetCart', hasVariables: true, queryLength: 1256 }
Invalid JWT token: invalid signature
GraphQL Request: { operationName: 'GetCart', hasVariables: true, queryLength: 1256 }
Invalid JWT token: invalid signature
GraphQL Request: {
  operationName: 'UpdateCustomer',
  hasVariables: true,
  queryLength: 530
}
Invalid JWT token: invalid signature
GraphQL Request: { operationName: 'GetCart', hasVariables: true, queryLength: 1256 }
Invalid JWT token: invalid signature
GraphQL Request: { operationName: 'GetCart', hasVariables: true, queryLength: 1256 }
Invalid JWT token: invalid signature
GraphQL Request: { operationName: 'Checkout', hasVariables: true, queryLength: 211 }
Invalid JWT token: invalid signature
GraphQL Request: { operationName: 'Checkout', hasVariables: true, queryLength: 211 }
Invalid JWT token: invalid signature
GraphQL Request: { operationName: 'GetCart', hasVariables: true, queryLength: 1256 }
Invalid JWT token: invalid signature
GraphQL Request: { operationName: 'GetCart', hasVariables: true, queryLength: 1256 }
Invalid JWT token: invalid signature
GraphQL Request: { operationName: 'GetCart', hasVariables: true, queryLength: 1256 }
Invalid JWT token: invalid signature
GraphQL Request: { operationName: 'GetCart', hasVariables: true, queryLength: 1256 }
Invalid JWT token: invalid signature
GraphQL Request: { operationName: 'GetCart', hasVariables: true, queryLength: 1256 }
Invalid JWT token: invalid signature
GraphQL Request: { operationName: 'GetCart', hasVariables: true, queryLength: 1256 }
Invalid JWT token: invalid signature
GraphQL Request: { operationName: 'GetCart', hasVariables: true, queryLength: 1256 }
Invalid JWT token: invalid signature
GraphQL Request: { operationName: 'GetCart', hasVariables: true, queryLength: 1256 }
Invalid JWT token: invalid signature
GraphQL Request: { operationName: 'GetCart', hasVariables: true, queryLength: 1256 }
Invalid JWT token: invalid signature
GraphQL Request: { operationName: 'GetCart', hasVariables: true, queryLength: 1256 }
Invalid JWT token: invalid signature
GraphQL Request: { operationName: 'GetCart', hasVariables: true, queryLength: 1256 }
Invalid JWT token: invalid signature
GraphQL Request: { operationName: 'GetCart', hasVariables: true, queryLength: 1256 }
Invalid JWT token: invalid signature
GraphQL Request: { operationName: 'GetCart', hasVariables: true, queryLength: 1256 }
Invalid JWT token: invalid signature
GraphQL Request: { operationName: 'GetCart', hasVariables: true, queryLength: 1256 }
Invalid JWT token: invalid signature
GraphQL Request: { operationName: 'GetCart', hasVariables: true, queryLength: 1256 }
Invalid JWT token: invalid signature
GraphQL Request: { operationName: 'GetCart', hasVariables: true, queryLength: 1256 }
Invalid JWT token: invalid signature
GraphQL Request: { operationName: 'GetProducts', hasVariables: true, queryLength: 1036 }
Invalid JWT token: invalid signature
GraphQL Request: { operationName: 'GetProducts', hasVariables: true, queryLength: 1036 }
Invalid JWT token: invalid signature
GraphQL Request: { operationName: 'GetProducts', hasVariables: true, queryLength: 1036 }
Invalid JWT token: invalid signature
GraphQL Request: { operationName: 'GetProducts', hasVariables: true, queryLength: 1036 }
Invalid JWT token: invalid signature
GraphQL Request: { operationName: 'GetProducts', hasVariables: true, queryLength: 1036 }
Invalid JWT token: invalid signature
GraphQL Request: { operationName: 'GetProducts', hasVariables: true, queryLength: 1036 }
Invalid JWT token: invalid signature
GraphQL Request: { operationName: 'GetProducts', hasVariables: true, queryLength: 1036 }
Invalid JWT token: invalid signature
GraphQL Request: { operationName: 'GetProducts', hasVariables: true, queryLength: 1036 }
Invalid JWT token: invalid signature
GraphQL Request: { operationName: 'GetCart', hasVariables: true, queryLength: 1256 }
Invalid JWT token: invalid signature
GraphQL Request: { operationName: 'GetCart', hasVariables: true, queryLength: 1256 }
Invalid JWT token: invalid signature
GraphQL Request: {
  operationName: 'GetCategories',
  hasVariables: true,
  queryLength: 496
}
Invalid JWT token: invalid signature
GraphQL Request: { operationName: 'GetCart', hasVariables: true, queryLength: 1256 }
Invalid JWT token: invalid signature
GraphQL Request: { operationName: 'GetCart', hasVariables: true, queryLength: 1256 }
Invalid JWT token: invalid signature
GraphQL Request: { operationName: 'GetCart', hasVariables: true, queryLength: 1256 }
Invalid JWT token: invalid signature
GraphQL Request: { operationName: 'GetCart', hasVariables: true, queryLength: 1256 }
Invalid JWT token: invalid signature
GraphQL Request: {
  operationName: 'GetCategories',
  hasVariables: true,
  queryLength: 496
}
Invalid JWT token: invalid signature
GraphQL Request: { operationName: 'GetCart', hasVariables: true, queryLength: 1256 }
Invalid JWT token: invalid signature
GraphQL Request: { operationName: 'GetCart', hasVariables: true, queryLength: 1256 }
Invalid JWT token: invalid signature
GraphQL Request: {
  operationName: 'GetSubCategories',
  hasVariables: true,
  queryLength: 432
}
Invalid JWT token: invalid signature
GraphQL Request: { operationName: 'GetCart', hasVariables: true, queryLength: 1256 }
Invalid JWT token: invalid signature
GraphQL Request: { operationName: 'GetCart', hasVariables: true, queryLength: 1256 }
Invalid JWT token: invalid signature
GraphQL Request: { operationName: 'GetCart', hasVariables: true, queryLength: 1256 }
Invalid JWT token: invalid signature
GraphQL Request: {
  operationName: 'GetSubCategories',
  hasVariables: true,
  queryLength: 432
}
Invalid JWT token: invalid signature
GraphQL Request: { operationName: 'GetProducts', hasVariables: true, queryLength: 1036 }
Invalid JWT token: invalid signature
GraphQL Request: { operationName: 'GetCart', hasVariables: true, queryLength: 1256 }
Invalid JWT token: invalid signature
GraphQL Request: {
  operationName: 'GetSubCategories',
  hasVariables: true,
  queryLength: 432
}
Invalid JWT token: invalid signature
GraphQL Request: {
  operationName: 'GetSubCategories',
  hasVariables: true,
  queryLength: 432
}
Invalid JWT token: invalid signature
GraphQL Request: {
  operationName: 'GetSubCategories',
  hasVariables: true,
  queryLength: 432
}
Invalid JWT token: invalid signature
GraphQL Request: {
  operationName: 'GetSubCategories',
  hasVariables: true,
  queryLength: 432
}
Invalid JWT token: invalid signature
GraphQL Request: { operationName: 'GetProducts', hasVariables: true, queryLength: 1036 }
Invalid JWT token: invalid signature
GraphQL Request: { operationName: 'GetCart', hasVariables: true, queryLength: 1256 }
Invalid JWT token: invalid signature
GraphQL Request: {
  operationName: 'GetSubCategories',
  hasVariables: true,
  queryLength: 432
}
Invalid JWT token: invalid signature
GraphQL Request: {
  operationName: 'GetSubCategories',
  hasVariables: true,
  queryLength: 432
}
Invalid JWT token: invalid signature
GraphQL Request: { operationName: 'GetProducts', hasVariables: true, queryLength: 1036 }
Invalid JWT token: invalid signature
GraphQL Request: {
  operationName: 'GetProductById',
  hasVariables: true,
  queryLength: 2240
}
Invalid JWT token: invalid signature
GraphQL Request: { operationName: 'GetCart', hasVariables: true, queryLength: 1256 }
Invalid JWT token: invalid signature
GraphQL Request: { operationName: 'GetCart', hasVariables: true, queryLength: 1256 }
Invalid JWT token: invalid signature
GraphQL Request: { operationName: 'GetCart', hasVariables: true, queryLength: 1256 }
Invalid JWT token: invalid signature
GraphQL Request: { operationName: 'GetCart', hasVariables: true, queryLength: 1256 }
Invalid JWT token: invalid signature
GraphQL Request: { operationName: 'GetCart', hasVariables: true, queryLength: 1256 }
Invalid JWT token: invalid signature
GraphQL Request: {
  operationName: 'GetSubCategories',
  hasVariables: true,
  queryLength: 432
}
Invalid JWT token: invalid signature
GraphQL Request: {
  operationName: 'GetSubCategories',
  hasVariables: true,
  queryLength: 432
}
Invalid JWT token: invalid signature
GraphQL Request: { operationName: 'GetProducts', hasVariables: true, queryLength: 1036 }
Invalid JWT token: invalid signature
GraphQL Request: { operationName: 'GetCart', hasVariables: true, queryLength: 1256 }
Invalid JWT token: invalid signature
GraphQL Request: {
  operationName: 'GetSubCategories',
  hasVariables: true,
  queryLength: 432
}
Invalid JWT token: invalid signature
GraphQL Request: { operationName: 'GetProducts', hasVariables: true, queryLength: 1036 }
Invalid JWT token: invalid signature
GraphQL Request: {
  operationName: 'GetProductById',
  hasVariables: true,
  queryLength: 2240
}
Invalid JWT token: invalid signature
GraphQL Request: { operationName: 'GetCart', hasVariables: true, queryLength: 1256 }
Invalid JWT token: invalid signature
GraphQL Request: {
  operationName: 'GetSubCategories',
  hasVariables: true,
  queryLength: 432
}
Invalid JWT token: invalid signature
GraphQL Request: { operationName: 'GetProducts', hasVariables: true, queryLength: 1036 }
Invalid JWT token: invalid signature
GraphQL Request: { operationName: 'GetCart', hasVariables: true, queryLength: 1256 }
Invalid JWT token: invalid signature
GraphQL Request: {
  operationName: 'GetSubCategories',
  hasVariables: true,
  queryLength: 432
}
Invalid JWT token: invalid signature
GraphQL Request: { operationName: 'GetProducts', hasVariables: true, queryLength: 1036 }
Invalid JWT token: invalid signature
GraphQL Request: { operationName: 'GetCart', hasVariables: true, queryLength: 1256 }
Invalid JWT token: invalid signature
GraphQL Request: { operationName: 'GetCart', hasVariables: true, queryLength: 1256 }
Invalid JWT token: invalid signature
GraphQL Request: { operationName: 'GetCart', hasVariables: true, queryLength: 1256 }
Invalid JWT token: invalid signature
GraphQL Request: { operationName: 'GetCart', hasVariables: true, queryLength: 1256 }
Invalid JWT token: invalid signature
GraphQL Request: { operationName: 'GetCart', hasVariables: true, queryLength: 1256 }
Invalid JWT token: invalid signature
GraphQL Request: {
  operationName: 'GetSubCategories',
  hasVariables: true,
  queryLength: 432
}
Invalid JWT token: invalid signature
GraphQL Request: {
  operationName: 'GetSubCategories',
  hasVariables: true,
  queryLength: 432
}
Invalid JWT token: invalid signature
GraphQL Request: { operationName: 'GetProducts', hasVariables: true, queryLength: 1036 }
Invalid JWT token: invalid signature
GraphQL Request: { operationName: 'GetCart', hasVariables: true, queryLength: 1256 }
Invalid JWT token: invalid signature
GraphQL Request: {
  operationName: 'GetSubCategories',
  hasVariables: true,
  queryLength: 432
}
Invalid JWT token: invalid signature
GraphQL Request: { operationName: 'GetProducts', hasVariables: true, queryLength: 1036 }
Invalid JWT token: invalid signature
GraphQL Request: {
  operationName: 'GetProductById',
  hasVariables: true,
  queryLength: 2240
}
Invalid JWT token: invalid signature
GraphQL Request: { operationName: 'GetCart', hasVariables: true, queryLength: 1256 }
Invalid JWT token: invalid signature
GraphQL Request: { operationName: 'GetCart', hasVariables: true, queryLength: 1256 }
Invalid JWT token: invalid signature
GraphQL Request: { operationName: 'GetCart', hasVariables: true, queryLength: 1256 }
Invalid JWT token: invalid signature
GraphQL Request: {
  operationName: 'GetSubCategories',
  hasVariables: true,
  queryLength: 432
}
Invalid JWT token: invalid signature
GraphQL Request: { operationName: 'GetCart', hasVariables: true, queryLength: 1256 }
Invalid JWT token: invalid signature
GraphQL Request: { operationName: 'GetCart', hasVariables: true, queryLength: 1256 }
Invalid JWT token: invalid signature
GraphQL Request: {
  operationName: 'GetCategories',
  hasVariables: true,
  queryLength: 496
}
Invalid JWT token: invalid signature
GraphQL Request: {
  operationName: 'GetSubCategories',
  hasVariables: true,
  queryLength: 432
}
Invalid JWT token: invalid signature
GraphQL Request: { operationName: 'GetCart', hasVariables: true, queryLength: 1256 }
Invalid JWT token: invalid signature
GraphQL Request: {
  operationName: 'GetSubCategories',
  hasVariables: true,
  queryLength: 432
}
Invalid JWT token: invalid signature
GraphQL Request: {
  operationName: 'GetSubCategories',
  hasVariables: true,
  queryLength: 432
}
Invalid JWT token: invalid signature
GraphQL Request: { operationName: 'GetCart', hasVariables: true, queryLength: 1256 }
Invalid JWT token: invalid signature
GraphQL Request: {
  operationName: 'GetSubCategories',
  hasVariables: true,
  queryLength: 432
}
Invalid JWT token: invalid signature
GraphQL Request: { operationName: 'GetCart', hasVariables: true, queryLength: 1256 }
Invalid JWT token: invalid signature
GraphQL Request: { operationName: 'GetCart', hasVariables: true, queryLength: 1256 }
Invalid JWT token: invalid signature
GraphQL Request: { operationName: 'GetCart', hasVariables: true, queryLength: 1256 }
Invalid JWT token: invalid signature
GraphQL Request: { operationName: 'GetCart', hasVariables: true, queryLength: 1256 }
Invalid JWT token: invalid signature
GraphQL Request: { operationName: 'GetCart', hasVariables: true, queryLength: 1256 }
Invalid JWT token: invalid signature
GraphQL Request: {
  operationName: 'GetSubCategories',
  hasVariables: true,
  queryLength: 432
}
Invalid JWT token: invalid signature
GraphQL Request: {
  operationName: 'GetSubCategories',
  hasVariables: true,
  queryLength: 432
}
Invalid JWT token: invalid signature
GraphQL Request: { operationName: 'GetCart', hasVariables: true, queryLength: 1256 }
Invalid JWT token: invalid signature
GraphQL Request: {
  operationName: 'GetSubCategories',
  hasVariables: true,
  queryLength: 432
}
Invalid JWT token: invalid signature
GraphQL Request: {
  operationName: 'GetSubCategories',
  hasVariables: true,
  queryLength: 432
}
Invalid JWT token: invalid signature
GraphQL Request: {
  operationName: 'GetSubCategories',
  hasVariables: true,
  queryLength: 432
}
Invalid JWT token: invalid signature
GraphQL Request: { operationName: 'GetCart', hasVariables: true, queryLength: 1256 }
Invalid JWT token: invalid signature
GraphQL Request: {
  operationName: 'GetSubCategories',
  hasVariables: true,
  queryLength: 432
}
Invalid JWT token: invalid signature
GraphQL Request: {
  operationName: 'GetSubCategories',
  hasVariables: true,
  queryLength: 432
}
Invalid JWT token: invalid signature
GraphQL Request: { operationName: 'GetCart', hasVariables: true, queryLength: 1256 }
Invalid JWT token: invalid signature
GraphQL Request: { operationName: 'GetCart', hasVariables: true, queryLength: 1256 }
Invalid JWT token: invalid signature
GraphQL Request: { operationName: 'GetCart', hasVariables: true, queryLength: 1256 }
Invalid JWT token: invalid signature
GraphQL Request: {
  operationName: 'GetSubCategories',
  hasVariables: true,
  queryLength: 432
}
Invalid JWT token: invalid signature
GraphQL Request: { operationName: 'GetCart', hasVariables: true, queryLength: 1256 }
Invalid JWT token: invalid signature
GraphQL Request: { operationName: 'GetCart', hasVariables: true, queryLength: 1256 }
Invalid JWT token: invalid signature
GraphQL Request: { operationName: 'GetCart', hasVariables: true, queryLength: 1256 }
Invalid JWT token: invalid signature
GraphQL Request: { operationName: 'GetProducts', hasVariables: true, queryLength: 1036 }
Invalid JWT token: invalid signature
GraphQL Request: { operationName: 'GetCart', hasVariables: true, queryLength: 1256 }
Invalid JWT token: invalid signature
GraphQL Request: { operationName: 'GetCart', hasVariables: true, queryLength: 1256 }
Invalid JWT token: invalid signature
GraphQL Request: {
  operationName: 'GetSubCategories',
  hasVariables: true,
  queryLength: 432
}
Invalid JWT token: invalid signature
GraphQL Request: { operationName: 'GetProducts', hasVariables: true, queryLength: 1036 }
Invalid JWT token: invalid signature
GraphQL Request: { operationName: 'GetCart', hasVariables: true, queryLength: 1256 }
Invalid JWT token: invalid signature
GraphQL Request: { operationName: 'GetProducts', hasVariables: true, queryLength: 1036 }
Invalid JWT token: invalid signature
GraphQL Request: { operationName: 'GetCart', hasVariables: true, queryLength: 1256 }
Invalid JWT token: invalid signature
GraphQL Request: { operationName: 'GetProducts', hasVariables: true, queryLength: 1036 }
Invalid JWT token: invalid signature
GraphQL Request: { operationName: 'GetCart', hasVariables: true, queryLength: 1256 }
Invalid JWT token: invalid signature
GraphQL Request: { operationName: 'GetProducts', hasVariables: true, queryLength: 1036 }
Invalid JWT token: invalid signature
GraphQL Request: { operationName: 'GetCart', hasVariables: true, queryLength: 1256 }
Invalid JWT token: invalid signature
GraphQL Request: { operationName: 'GetCart', hasVariables: true, queryLength: 1256 }
Invalid JWT token: invalid signature
GraphQL Request: {
  operationName: 'GetSubCategories',
  hasVariables: true,
  queryLength: 432
}
Invalid JWT token: invalid signature
GraphQL Request: { operationName: 'GetProducts', hasVariables: true, queryLength: 1036 }
Invalid JWT token: invalid signature
GraphQL Request: { operationName: 'GetCart', hasVariables: true, queryLength: 1256 }
Invalid JWT token: invalid signature
GraphQL Request: {
  operationName: 'GetSubCategories',
  hasVariables: true,
  queryLength: 432
}
Invalid JWT token: invalid signature
GraphQL Request: {
  operationName: 'GetSubCategories',
  hasVariables: true,
  queryLength: 432
}
Invalid JWT token: invalid signature
GraphQL Request: {
  operationName: 'GetSubCategories',
  hasVariables: true,
  queryLength: 432
}
Invalid JWT token: invalid signature
GraphQL Request: { operationName: 'GetCart', hasVariables: true, queryLength: 1256 }
Invalid JWT token: invalid signature
GraphQL Request: { operationName: 'GetCart', hasVariables: true, queryLength: 1256 }
Invalid JWT token: invalid signature
GraphQL Request: { operationName: 'GetCart', hasVariables: true, queryLength: 1256 }
Invalid JWT token: invalid signature
GraphQL Request: {
  operationName: 'GetSubCategories',
  hasVariables: true,
  queryLength: 432
}
Invalid JWT token: invalid signature
GraphQL Request: { operationName: 'GetCart', hasVariables: true, queryLength: 1256 }
Invalid JWT token: invalid signature
GraphQL Request: { operationName: 'GetCart', hasVariables: true, queryLength: 1256 }
Invalid JWT token: invalid signature
GraphQL Request: { operationName: 'GetCart', hasVariables: true, queryLength: 1256 }
Invalid JWT token: invalid signature
GraphQL Request: {
  operationName: 'GetSubCategories',
  hasVariables: true,
  queryLength: 432
}
Invalid JWT token: invalid signature
GraphQL Request: { operationName: 'GetCart', hasVariables: true, queryLength: 1256 }
Invalid JWT token: invalid signature
GraphQL Request: { operationName: 'GetCart', hasVariables: true, queryLength: 1256 }
Invalid JWT token: invalid signature
GraphQL Request: { operationName: 'GetCart', hasVariables: true, queryLength: 1256 }
Invalid JWT token: invalid signature
GraphQL Request: { operationName: 'GetCart', hasVariables: true, queryLength: 1256 }
Invalid JWT token: invalid signature
GraphQL Request: {
  operationName: 'GetSubCategories',
  hasVariables: true,
  queryLength: 432
}
Invalid JWT token: invalid signature
GraphQL Request: {
  operationName: 'GetSubCategories',
  hasVariables: true,
  queryLength: 432
}
Invalid JWT token: invalid signature
GraphQL Request: { operationName: 'GetCart', hasVariables: true, queryLength: 1256 }
Invalid JWT token: invalid signature
GraphQL Request: { operationName: 'GetCart', hasVariables: true, queryLength: 1256 }
Invalid JWT token: invalid signature
GraphQL Request: {
  operationName: 'GetSubCategories',
  hasVariables: true,
  queryLength: 432
}
Invalid JWT token: invalid signature
GraphQL Request: { operationName: 'GetCart', hasVariables: true, queryLength: 1256 }
Invalid JWT token: invalid signature
GraphQL Request: {
  operationName: 'GetSubCategories',
  hasVariables: true,
  queryLength: 432
}
Invalid JWT token: invalid signature
GraphQL Request: { operationName: 'GetCart', hasVariables: true, queryLength: 1256 }
Invalid JWT token: invalid signature
GraphQL Request: { operationName: 'GetCart', hasVariables: true, queryLength: 1256 }
Invalid JWT token: invalid signature
GraphQL Request: { operationName: 'GetCart', hasVariables: true, queryLength: 1256 }
Invalid JWT token: invalid signature
GraphQL Request: { operationName: 'GetCart', hasVariables: true, queryLength: 1256 }
Invalid JWT token: invalid signature
GraphQL Request: {
  operationName: 'GetSubCategories',
  hasVariables: true,
  queryLength: 432
}
Invalid JWT token: invalid signature
GraphQL Request: {
  operationName: 'GetSubCategories',
  hasVariables: true,
  queryLength: 432
}
Invalid JWT token: invalid signature
GraphQL Request: { operationName: 'GetCart', hasVariables: true, queryLength: 1256 }
Invalid JWT token: invalid signature
GraphQL Request: {
  operationName: 'GetSubCategories',
  hasVariables: true,
  queryLength: 432
}
Invalid JWT token: invalid signature
GraphQL Request: {
  operationName: 'GetSubCategories',
  hasVariables: true,
  queryLength: 432
}
Invalid JWT token: invalid signature
GraphQL Request: { operationName: 'GetProducts', hasVariables: true, queryLength: 1036 }
Invalid JWT token: invalid signature
GraphQL Request: { operationName: 'GetCart', hasVariables: true, queryLength: 1256 }
Invalid JWT token: invalid signature
GraphQL Request: { operationName: 'GetCart', hasVariables: true, queryLength: 1256 }
Invalid JWT token: invalid signature
GraphQL Request: {
  operationName: 'GetSubCategories',
  hasVariables: true,
  queryLength: 432
}
Invalid JWT token: invalid signature
GraphQL Request: { operationName: 'GetProducts', hasVariables: true, queryLength: 1036 }
Invalid JWT token: invalid signature
GraphQL Request: {
  operationName: 'GetSubCategories',
  hasVariables: true,
  queryLength: 432
}
Invalid JWT token: invalid signature
GraphQL Request: { operationName: 'GetCart', hasVariables: true, queryLength: 1256 }
Invalid JWT token: invalid signature
GraphQL Request: {
  operationName: 'GetSubCategories',
  hasVariables: true,
  queryLength: 432
}
Invalid JWT token: invalid signature
GraphQL Request: { operationName: 'GetCart', hasVariables: true, queryLength: 1256 }
Invalid JWT token: invalid signature
GraphQL Request: { operationName: 'GetCart', hasVariables: true, queryLength: 1256 }
Invalid JWT token: invalid signature
GraphQL Request: { operationName: 'GetCart', hasVariables: true, queryLength: 1256 }
Invalid JWT token: invalid signature
GraphQL Request: { operationName: 'GetCart', hasVariables: true, queryLength: 1256 }
Invalid JWT token: invalid signature
GraphQL Request: { operationName: 'GetCart', hasVariables: true, queryLength: 1256 }
Invalid JWT token: invalid signature
GraphQL Request: { operationName: 'GetCart', hasVariables: true, queryLength: 1256 }
Invalid JWT token: invalid signature
GraphQL Request: {
  operationName: 'GetSubCategories',
  hasVariables: true,
  queryLength: 432
}
Invalid JWT token: invalid signature
GraphQL Request: { operationName: 'GetCart', hasVariables: true, queryLength: 1256 }
Invalid JWT token: invalid signature
GraphQL Request: { operationName: 'GetCart', hasVariables: true, queryLength: 1256 }
Invalid JWT token: invalid signature
GraphQL Request: { operationName: 'GetCart', hasVariables: true, queryLength: 1256 }
Invalid JWT token: invalid signature
GraphQL Request: { operationName: 'GetCart', hasVariables: true, queryLength: 1256 }
Invalid JWT token: invalid signature
GraphQL Request: { operationName: 'GetCart', hasVariables: true, queryLength: 1256 }
Invalid JWT token: invalid signature
GraphQL Request: { operationName: 'GetCart', hasVariables: true, queryLength: 1256 }
Invalid JWT token: invalid signature
GraphQL Request: { operationName: 'GetCart', hasVariables: true, queryLength: 1256 }
Invalid JWT token: invalid signature
GraphQL Request: { operationName: 'GetCart', hasVariables: true, queryLength: 1256 }
Invalid JWT token: invalid signature
GraphQL Request: { operationName: 'GetCart', hasVariables: true, queryLength: 1256 }
Invalid JWT token: invalid signature
GraphQL Request: { operationName: 'GetProducts', hasVariables: true, queryLength: 1036 }
Invalid JWT token: invalid signature
GraphQL Request: {
  operationName: 'GetSubCategories',
  hasVariables: true,
  queryLength: 432
}
Invalid JWT token: invalid signature
GraphQL Request: { operationName: 'GetCart', hasVariables: true, queryLength: 1256 }
Invalid JWT token: invalid signature
GraphQL Request: {
  operationName: 'GetSubCategories',
  hasVariables: true,
  queryLength: 432
}
Invalid JWT token: invalid signature
GraphQL Request: { operationName: 'GetCart', hasVariables: true, queryLength: 1256 }
Invalid JWT token: invalid signature
GraphQL Request: { operationName: 'GetCart', hasVariables: true, queryLength: 1256 }
Invalid JWT token: invalid signature
GraphQL Request: { operationName: 'GetCart', hasVariables: true, queryLength: 1256 }
Invalid JWT token: invalid signature
GraphQL Request: { operationName: 'GetCart', hasVariables: true, queryLength: 1256 }
Invalid JWT token: invalid signature
GraphQL Request: { operationName: 'GetCart', hasVariables: true, queryLength: 1256 }
Invalid JWT token: invalid signature
GraphQL Request: { operationName: 'GetCart', hasVariables: true, queryLength: 1256 }
Invalid JWT token: invalid signature
GraphQL Request: { operationName: 'GetCart', hasVariables: true, queryLength: 1256 }
Invalid JWT token: invalid signature
GraphQL Request: { operationName: 'GetCart', hasVariables: true, queryLength: 1256 }
Invalid JWT token: invalid signature
GraphQL Request: { operationName: 'GetCart', hasVariables: true, queryLength: 1256 }
Invalid JWT token: invalid signature
GraphQL Request: { operationName: 'GetCart', hasVariables: true, queryLength: 1256 }
Invalid JWT token: invalid signature
GraphQL Request: { operationName: 'GetCart', hasVariables: true, queryLength: 1256 }
Invalid JWT token: invalid signature
GraphQL Request: { operationName: 'GetCart', hasVariables: true, queryLength: 1256 }
Invalid JWT token: invalid signature
GraphQL Request: { operationName: 'GetCart', hasVariables: true, queryLength: 1256 }
Invalid JWT token: invalid signature
GraphQL Request: {
  operationName: 'GetSubCategories',
  hasVariables: true,
  queryLength: 432
}
Invalid JWT token: invalid signature
GraphQL Request: { operationName: 'GetCart', hasVariables: true, queryLength: 1256 }
Invalid JWT token: invalid signature
GraphQL Request: {
  operationName: 'GetSubCategories',
  hasVariables: true,
  queryLength: 432
}
Invalid JWT token: invalid signature
GraphQL Request: { operationName: 'GetProducts', hasVariables: true, queryLength: 1036 }
Invalid JWT token: invalid signature
GraphQL Request: { operationName: 'GetCart', hasVariables: true, queryLength: 1256 }
Invalid JWT token: invalid signature
GraphQL Request: {
  operationName: 'GetSubCategories',
  hasVariables: true,
  queryLength: 432
}
Invalid JWT token: invalid signature
GraphQL Request: { operationName: 'GetProducts', hasVariables: true, queryLength: 1036 }
Invalid JWT token: invalid signature
GraphQL Request: {
  operationName: 'GetProductById',
  hasVariables: true,
  queryLength: 2240
}
Invalid JWT token: invalid signature
GraphQL Request: { operationName: 'GetCart', hasVariables: true, queryLength: 1256 }
Invalid JWT token: invalid signature
GraphQL Request: {
  operationName: 'GetSubCategories',
  hasVariables: true,
  queryLength: 432
}
Invalid JWT token: invalid signature
GraphQL Request: { operationName: 'GetProducts', hasVariables: true, queryLength: 1036 }
Invalid JWT token: invalid signature
GraphQL Request: { operationName: 'GetProducts', hasVariables: true, queryLength: 1036 }
Invalid JWT token: invalid signature
GraphQL Request: { operationName: 'GetCart', hasVariables: true, queryLength: 1256 }
Invalid JWT token: invalid signature
GraphQL Request: { operationName: 'GetProducts', hasVariables: true, queryLength: 1036 }
Invalid JWT token: invalid signature
GraphQL Request: { operationName: 'GetCart', hasVariables: true, queryLength: 1256 }
Invalid JWT token: invalid signature
GraphQL Request: { operationName: 'GetProducts', hasVariables: true, queryLength: 1036 }
Invalid JWT token: invalid signature
GraphQL Request: {
  operationName: 'GetSubCategories',
  hasVariables: true,
  queryLength: 432
}
Invalid JWT token: invalid signature
GraphQL Request: { operationName: 'GetProducts', hasVariables: true, queryLength: 1036 }
Invalid JWT token: invalid signature
GraphQL Request: {
  operationName: 'GetProductById',
  hasVariables: true,
  queryLength: 2240
}
Invalid JWT token: invalid signature
GraphQL Request: { operationName: 'GetCart', hasVariables: true, queryLength: 1256 }
Invalid JWT token: invalid signature
GraphQL Request: {
  operationName: 'GetSubCategories',
  hasVariables: true,
  queryLength: 432
}
Invalid JWT token: invalid signature
GraphQL Request: { operationName: 'GetCart', hasVariables: true, queryLength: 1256 }
Invalid JWT token: invalid signature
GraphQL Request: { operationName: 'GetCart', hasVariables: true, queryLength: 1256 }
Invalid JWT token: invalid signature
GraphQL Request: { operationName: 'GetCart', hasVariables: true, queryLength: 1256 }
Invalid JWT token: invalid signature
GraphQL Request: { operationName: 'GetCart', hasVariables: true, queryLength: 1256 }
Invalid JWT token: invalid signature
GraphQL Request: { operationName: 'GetProducts', hasVariables: true, queryLength: 1036 }
Invalid JWT token: invalid signature
GraphQL Request: { operationName: 'GetProducts', hasVariables: true, queryLength: 1036 }
Invalid JWT token: invalid signature
GraphQL Request: { operationName: 'GetCart', hasVariables: true, queryLength: 1256 }
Invalid JWT token: invalid signature
GraphQL Request: { operationName: 'GetCart', hasVariables: true, queryLength: 1256 }
Invalid JWT token: invalid signature
GraphQL Request: { operationName: 'GetCart', hasVariables: true, queryLength: 1256 }
Invalid JWT token: invalid signature
GraphQL Request: { operationName: 'GetCart', hasVariables: true, queryLength: 1256 }
Invalid JWT token: invalid signature
GraphQL Request: { operationName: 'GetCart', hasVariables: true, queryLength: 1256 }
Invalid JWT token: invalid signature
GraphQL Request: { operationName: 'GetProducts', hasVariables: true, queryLength: 1036 }
Invalid JWT token: invalid signature
GraphQL Request: { operationName: 'GetProducts', hasVariables: true, queryLength: 1036 }
Invalid JWT token: invalid signature
GraphQL Request: { operationName: 'GetProducts', hasVariables: true, queryLength: 1036 }
Invalid JWT token: invalid signature
GraphQL Request: { operationName: 'GetProducts', hasVariables: true, queryLength: 1036 }
Invalid JWT token: invalid signature
GraphQL Request: { operationName: 'GetProducts', hasVariables: true, queryLength: 1036 }
Invalid JWT token: invalid signature
GraphQL Request: { operationName: 'GetProducts', hasVariables: true, queryLength: 1036 }
Invalid JWT token: invalid signature
GraphQL Request: { operationName: 'GetProducts', hasVariables: true, queryLength: 1036 }
Invalid JWT token: invalid signature
GraphQL Request: { operationName: 'GetProducts', hasVariables: true, queryLength: 1036 }
Invalid JWT token: invalid signature
GraphQL Request: { operationName: 'GetCart', hasVariables: true, queryLength: 1256 }
Invalid JWT token: invalid signature
GraphQL Request: { operationName: 'GetCart', hasVariables: true, queryLength: 1256 }
Invalid JWT token: invalid signature
GraphQL Request: { operationName: 'GetCart', hasVariables: true, queryLength: 1256 }
Invalid JWT token: invalid signature
GraphQL Request: { operationName: 'GetCart', hasVariables: true, queryLength: 1256 }
Invalid JWT token: invalid signature
GraphQL Request: { operationName: 'GetCart', hasVariables: true, queryLength: 1256 }
Invalid JWT token: invalid signature
GraphQL Request: { operationName: 'GetCart', hasVariables: true, queryLength: 1256 }
Invalid JWT token: invalid signature
GraphQL Request: { operationName: 'GetCart', hasVariables: true, queryLength: 1256 }
Invalid JWT token: invalid signature
GraphQL Request: {
  operationName: 'GetCategories',
  hasVariables: true,
  queryLength: 496
}
Invalid JWT token: invalid signature
GraphQL Request: {
  operationName: 'GetSubCategories',
  hasVariables: true,
  queryLength: 432
}
Invalid JWT token: invalid signature
GraphQL Request: {
  operationName: 'GetSubCategories',
  hasVariables: true,
  queryLength: 432
}
Invalid JWT token: invalid signature
GraphQL Request: { operationName: 'GetCart', hasVariables: true, queryLength: 1256 }
Invalid JWT token: invalid signature
GraphQL Request: {
  operationName: 'GetSubCategories',
  hasVariables: true,
  queryLength: 432
}
Invalid JWT token: invalid signature
GraphQL Request: {
  operationName: 'GetSubCategories',
  hasVariables: true,
  queryLength: 432
}
Invalid JWT token: invalid signature
GraphQL Request: { operationName: 'GetCart', hasVariables: true, queryLength: 1256 }
Invalid JWT token: invalid signature
GraphQL Request: {
  operationName: 'GetSubCategories',
  hasVariables: true,
  queryLength: 432
}
Invalid JWT token: invalid signature
GraphQL Request: {
  operationName: 'GetSubCategories',
  hasVariables: true,
  queryLength: 432
}
Invalid JWT token: invalid signature
GraphQL Request: {
  operationName: 'GetSubCategories',
  hasVariables: true,
  queryLength: 432
}
Invalid JWT token: invalid signature
GraphQL Request: { operationName: 'GetCart', hasVariables: true, queryLength: 1256 }
Invalid JWT token: invalid signature
GraphQL Request: { operationName: 'GetCart', hasVariables: true, queryLength: 1256 }
Invalid JWT token: invalid signature
GraphQL Request: { operationName: 'GetCart', hasVariables: true, queryLength: 1256 }
Invalid JWT token: invalid signature
GraphQL Request: { operationName: 'GetCart', hasVariables: true, queryLength: 1256 }
Invalid JWT token: invalid signature
GraphQL Request: { operationName: 'GetCart', hasVariables: true, queryLength: 1256 }
Invalid JWT token: invalid signature
GraphQL Request: { operationName: 'GetCart', hasVariables: true, queryLength: 1256 }
Invalid JWT token: invalid signature
GraphQL Request: { operationName: 'GetCart', hasVariables: true, queryLength: 1256 }
Invalid JWT token: invalid signature
GraphQL Request: { operationName: 'GetCart', hasVariables: true, queryLength: 1256 }
Invalid JWT token: invalid signature
GraphQL Request: { operationName: 'GetCart', hasVariables: true, queryLength: 1256 }
Invalid JWT token: invalid signature
GraphQL Request: { operationName: 'GetCart', hasVariables: true, queryLength: 1256 }
Invalid JWT token: invalid signature
GraphQL Request: {
  operationName: 'GetSubCategories',
  hasVariables: true,
  queryLength: 432
}
Invalid JWT token: invalid signature
GraphQL Request: { operationName: 'GetCart', hasVariables: true, queryLength: 1256 }
Invalid JWT token: invalid signature
GraphQL Request: {
  operationName: 'GetSubCategories',
  hasVariables: true,
  queryLength: 432
}
Invalid JWT token: invalid signature
GraphQL Request: { operationName: 'GetCart', hasVariables: true, queryLength: 1256 }
Invalid JWT token: invalid signature
GraphQL Request: {
  operationName: 'GetSubCategories',
  hasVariables: true,
  queryLength: 432
}
Invalid JWT token: invalid signature
GraphQL Request: { operationName: 'GetProducts', hasVariables: true, queryLength: 1036 }
Invalid JWT token: invalid signature
GraphQL Request: {
  operationName: 'GetSubCategories',
  hasVariables: true,
  queryLength: 432
}
Invalid JWT token: invalid signature
GraphQL Request: {
  operationName: 'GetSubCategories',
  hasVariables: true,
  queryLength: 432
}
Invalid JWT token: invalid signature
GraphQL Request: { operationName: 'GetProducts', hasVariables: true, queryLength: 1036 }
Invalid JWT token: invalid signature
GraphQL Request: { operationName: 'GetCart', hasVariables: true, queryLength: 1256 }
Invalid JWT token: invalid signature
GraphQL Request: {
  operationName: 'GetSubCategories',
  hasVariables: true,
  queryLength: 432
}
Invalid JWT token: invalid signature
GraphQL Request: {
  operationName: 'GetSubCategories',
  hasVariables: true,
  queryLength: 432
}
Invalid JWT token: invalid signature
GraphQL Request: { operationName: 'GetProducts', hasVariables: true, queryLength: 1036 }
Invalid JWT token: invalid signature
GraphQL Request: { operationName: 'GetCart', hasVariables: true, queryLength: 1256 }
Invalid JWT token: invalid signature
GraphQL Request: { operationName: 'GetCart', hasVariables: true, queryLength: 1256 }
Invalid JWT token: invalid signature
GraphQL Request: { operationName: 'GetCart', hasVariables: true, queryLength: 1256 }
Invalid JWT token: invalid signature
GraphQL Request: { operationName: 'GetCart', hasVariables: true, queryLength: 1256 }
Invalid JWT token: invalid signature
GraphQL Request: { operationName: 'GetCart', hasVariables: true, queryLength: 1256 }
Invalid JWT token: invalid signature
GraphQL Request: { operationName: 'GetCart', hasVariables: true, queryLength: 1256 }
Invalid JWT token: invalid signature
GraphQL Request: { operationName: 'GetCart', hasVariables: true, queryLength: 1256 }
Invalid JWT token: invalid signature
GraphQL Request: { operationName: 'GetCart', hasVariables: true, queryLength: 1256 }
Invalid JWT token: invalid signature
GraphQL Request: { operationName: 'GetCart', hasVariables: true, queryLength: 1256 }
Invalid JWT token: invalid signature
GraphQL Request: { operationName: 'GetCart', hasVariables: true, queryLength: 1256 }
GraphQL Request: { operationName: 'GetCart', hasVariables: true, queryLength: 1256 }
Invalid JWT token: invalid signature
GraphQL Request: { operationName: 'GetCart', hasVariables: true, queryLength: 1256 }
Invalid JWT token: invalid signature
GraphQL Request: { operationName: 'GetCart', hasVariables: true, queryLength: 1256 }
Invalid JWT token: invalid signature
GraphQL Request: { operationName: 'GetCart', hasVariables: true, queryLength: 1256 }
Invalid JWT token: invalid signature
GraphQL Request: { operationName: 'GetCart', hasVariables: true, queryLength: 1256 }
Invalid JWT token: invalid signature
GraphQL Request: { operationName: 'GetCart', hasVariables: true, queryLength: 1256 }
Invalid JWT token: invalid signature
GraphQL Request: { operationName: 'GetCart', hasVariables: true, queryLength: 1256 }
Invalid JWT token: invalid signature
GraphQL Request: { operationName: 'GetCart', hasVariables: true, queryLength: 1256 }
Invalid JWT token: invalid signature
GraphQL Request: { operationName: 'GetCart', hasVariables: true, queryLength: 1256 }
Invalid JWT token: invalid signature
GraphQL Request: { operationName: 'GetCart', hasVariables: true, queryLength: 1256 }
Invalid JWT token: invalid signature
GraphQL Request: { operationName: 'GetCart', hasVariables: true, queryLength: 1256 }
Invalid JWT token: invalid signature
GraphQL Request: { operationName: 'GetCart', hasVariables: true, queryLength: 1256 }
Invalid JWT token: invalid signature
GraphQL Request: { operationName: 'GetCart', hasVariables: true, queryLength: 1256 }
Invalid JWT token: invalid signature
GraphQL Request: { operationName: 'GetCart', hasVariables: true, queryLength: 1256 }
Invalid JWT token: invalid signature
GraphQL Request: { operationName: 'GetCart', hasVariables: true, queryLength: 1256 }
Invalid JWT token: invalid signature
GraphQL Request: { operationName: 'GetOrders', hasVariables: true, queryLength: 1065 }
Invalid JWT token: invalid signature
GraphQL Request: { operationName: 'GetCart', hasVariables: true, queryLength: 1256 }
Invalid JWT token: invalid signature
GraphQL Request: { operationName: 'GetProducts', hasVariables: true, queryLength: 1036 }
Invalid JWT token: invalid signature
GraphQL Request: { operationName: 'GetProducts', hasVariables: true, queryLength: 1036 }
Invalid JWT token: invalid signature
GraphQL Request: { operationName: 'GetProducts', hasVariables: true, queryLength: 1036 }
Invalid JWT token: invalid signature
GraphQL Request: { operationName: 'GetProducts', hasVariables: true, queryLength: 1036 }
Invalid JWT token: invalid signature
GraphQL Request: { operationName: 'GetProducts', hasVariables: true, queryLength: 1036 }
Invalid JWT token: invalid signature
GraphQL Request: { operationName: 'GetProducts', hasVariables: true, queryLength: 1036 }
Invalid JWT token: invalid signature
GraphQL Request: { operationName: 'GetProducts', hasVariables: true, queryLength: 1036 }
Invalid JWT token: invalid signature
GraphQL Request: { operationName: 'GetProducts', hasVariables: true, queryLength: 1036 }
Invalid JWT token: invalid signature
GraphQL Request: { operationName: 'GetCart', hasVariables: true, queryLength: 1256 }
Invalid JWT token: invalid signature
GraphQL Request: { operationName: 'GetCart', hasVariables: true, queryLength: 1256 }
Invalid JWT token: invalid signature
GraphQL Request: { operationName: 'GetCart', hasVariables: true, queryLength: 1256 }
Invalid JWT token: invalid signature
GraphQL Request: { operationName: 'GetCart', hasVariables: true, queryLength: 1256 }
Invalid JWT token: invalid signature
GraphQL Request: { operationName: 'GetCart', hasVariables: true, queryLength: 1256 }
Invalid JWT token: invalid signature
GraphQL Request: { operationName: 'GetOrders', hasVariables: true, queryLength: 1065 }
Invalid JWT token: invalid signature
GraphQL Request: { operationName: 'GetCustomer', hasVariables: true, queryLength: 477 }
Invalid JWT token: invalid signature
GraphQL Request: { operationName: 'GetCart', hasVariables: true, queryLength: 1256 }
Invalid JWT token: invalid signature
GraphQL Request: { operationName: 'GetCart', hasVariables: true, queryLength: 1256 }
Invalid JWT token: invalid signature
GraphQL Request: { operationName: 'GetOrders', hasVariables: true, queryLength: 1065 }
Invalid JWT token: invalid signature
GraphQL Request: { operationName: 'GetCart', hasVariables: true, queryLength: 1256 }
Invalid JWT token: invalid signature
GraphQL Request: { operationName: 'GetCart', hasVariables: true, queryLength: 1256 }
Invalid JWT token: invalid signature
GraphQL Request: { operationName: 'GetCart', hasVariables: true, queryLength: 1256 }
Invalid JWT token: invalid signature
GraphQL Request: { operationName: 'GetCart', hasVariables: true, queryLength: 1256 }
Invalid JWT token: invalid signature
GraphQL Request: { operationName: 'GetOrders', hasVariables: true, queryLength: 1065 }
Invalid JWT token: invalid signature
GraphQL Request: { operationName: 'GetCart', hasVariables: true, queryLength: 1256 }
Invalid JWT token: invalid signature
GraphQL Request: { operationName: 'GetCart', hasVariables: true, queryLength: 1256 }
Invalid JWT token: invalid signature
GraphQL Request: { operationName: 'GetCart', hasVariables: true, queryLength: 1256 }
Invalid JWT token: invalid signature
GraphQL Request: { operationName: 'GetCart', hasVariables: true, queryLength: 1256 }
Invalid JWT token: invalid signature
GraphQL Request: { operationName: 'GetCart', hasVariables: true, queryLength: 1256 }
Invalid JWT token: invalid signature
GraphQL Request: {
  operationName: 'GetBestSellers',
  hasVariables: true,
  queryLength: 929
}
Invalid JWT token: invalid signature
GraphQL Request: { operationName: 'GetCart', hasVariables: true, queryLength: 1256 }
Invalid JWT token: invalid signature
GraphQL Request: { operationName: 'GetCart', hasVariables: true, queryLength: 1256 }
Invalid JWT token: invalid signature
GraphQL Request: { operationName: 'GetCart', hasVariables: true, queryLength: 1256 }
Invalid JWT token: invalid signature
GraphQL Request: { operationName: 'GetCart', hasVariables: true, queryLength: 1256 }
Invalid JWT token: invalid signature
GraphQL Request: { operationName: 'GetCart', hasVariables: true, queryLength: 1256 }
Invalid JWT token: invalid signature
GraphQL Request: { operationName: 'GetCart', hasVariables: true, queryLength: 1256 }
Invalid JWT token: invalid signature
GraphQL Request: {
  operationName: 'GetCategories',
  hasVariables: true,
  queryLength: 496
}
Invalid JWT token: invalid signature
GraphQL Request: {
  operationName: 'GetSubCategories',
  hasVariables: true,
  queryLength: 432
}
Invalid JWT token: invalid signature
GraphQL Request: {
  operationName: 'GetSubCategories',
  hasVariables: true,
  queryLength: 432
}
Invalid JWT token: invalid signature
GraphQL Request: {
  operationName: 'GetSubCategories',
  hasVariables: true,
  queryLength: 432
}
Invalid JWT token: invalid signature
GraphQL Request: { operationName: 'GetCart', hasVariables: true, queryLength: 1256 }
Invalid JWT token: invalid signature
GraphQL Request: { operationName: 'GetCart', hasVariables: true, queryLength: 1256 }
Invalid JWT token: invalid signature
GraphQL Request: { operationName: 'GetCart', hasVariables: true, queryLength: 1256 }
Invalid JWT token: invalid signature
GraphQL Request: { operationName: 'GetProducts', hasVariables: true, queryLength: 1036 }
Invalid JWT token: invalid signature
GraphQL Request: { operationName: 'GetProducts', hasVariables: true, queryLength: 1036 }
Invalid JWT token: invalid signature
GraphQL Request: { operationName: 'GetProducts', hasVariables: true, queryLength: 1036 }
Invalid JWT token: invalid signature
GraphQL Request: { operationName: 'GetProducts', hasVariables: true, queryLength: 1036 }
Invalid JWT token: invalid signature
GraphQL Request: { operationName: 'GetProducts', hasVariables: true, queryLength: 1036 }
Invalid JWT token: invalid signature
GraphQL Request: { operationName: 'GetProducts', hasVariables: true, queryLength: 1036 }
Invalid JWT token: invalid signature
GraphQL Request: { operationName: 'GetProducts', hasVariables: true, queryLength: 1036 }
Invalid JWT token: invalid signature
GraphQL Request: { operationName: 'GetProducts', hasVariables: true, queryLength: 1036 }
Invalid JWT token: invalid signature
GraphQL Request: { operationName: 'GetCart', hasVariables: true, queryLength: 1256 }
Invalid JWT token: invalid signature
GraphQL Request: {
  operationName: 'GetBestSellers',
  hasVariables: true,
  queryLength: 929
}
Invalid JWT token: invalid signature
GraphQL Request: { operationName: 'GetTopRated', hasVariables: true, queryLength: 921 }
Invalid JWT token: invalid signature
GraphQL Request: {
  operationName: 'GetNewArrivals',
  hasVariables: true,
  queryLength: 922
}
Invalid JWT token: invalid signature
GraphQL Request: { operationName: 'GetCart', hasVariables: true, queryLength: 1256 }
Invalid JWT token: invalid signature
GraphQL Request: { operationName: 'GetProducts', hasVariables: true, queryLength: 1036 }
Invalid JWT token: invalid signature
GraphQL Request: { operationName: 'GetProducts', hasVariables: true, queryLength: 1036 }
Invalid JWT token: invalid signature
GraphQL Request: { operationName: 'GetCart', hasVariables: true, queryLength: 1256 }
Invalid JWT token: invalid signature
GraphQL Request: { operationName: 'GetCart', hasVariables: true, queryLength: 1256 }
Invalid JWT token: invalid signature
GraphQL Request: { operationName: 'GetCart', hasVariables: true, queryLength: 1256 }
Invalid JWT token: invalid signature
GraphQL Request: { operationName: 'GetCart', hasVariables: true, queryLength: 1256 }
Invalid JWT token: invalid signature
GraphQL Request: {
  operationName: 'GetCategories',
  hasVariables: true,
  queryLength: 496
}
Invalid JWT token: invalid signature
GraphQL Request: {
  operationName: 'GetSubCategories',
  hasVariables: true,
  queryLength: 432
}
Invalid JWT token: invalid signature
GraphQL Request: { operationName: 'AddToCart', hasVariables: true, queryLength: 1393 }
Invalid JWT token: invalid signature
GraphQL Request: { operationName: 'GetCart', hasVariables: true, queryLength: 1256 }
Invalid JWT token: invalid signature
GraphQL Request: { operationName: 'GetCart', hasVariables: true, queryLength: 1256 }
Invalid JWT token: invalid signature
GraphQL Request: { operationName: 'GetCart', hasVariables: true, queryLength: 1256 }
Invalid JWT token: invalid signature
GraphQL Request: {
  operationName: 'UpdateCartItemQuantities',
  hasVariables: true,
  queryLength: 1386
}
Invalid JWT token: invalid signature
GraphQL Request: {
  operationName: 'UpdateCartItemQuantities',
  hasVariables: true,
  queryLength: 1386
}
Invalid JWT token: invalid signature
GraphQL Request: {
  operationName: 'UpdateCartItemQuantities',
  hasVariables: true,
  queryLength: 1386
}
Invalid JWT token: invalid signature
GraphQL Request: {
  operationName: 'UpdateCartItemQuantities',
  hasVariables: true,
  queryLength: 1386
}
Invalid JWT token: invalid signature
GraphQL Request: { operationName: 'GetCart', hasVariables: true, queryLength: 1256 }
Invalid JWT token: invalid signature
GraphQL Request: { operationName: 'GetCart', hasVariables: true, queryLength: 1256 }
Invalid JWT token: invalid signature
GraphQL Request: { operationName: 'GetCart', hasVariables: true, queryLength: 1256 }
Invalid JWT token: invalid signature
GraphQL Request: { operationName: 'GetCart', hasVariables: true, queryLength: 1256 }
Invalid JWT token: invalid signature
GraphQL Request: { operationName: 'GetCart', hasVariables: true, queryLength: 1256 }
Invalid JWT token: invalid signature
GraphQL Request: { operationName: 'GetCart', hasVariables: true, queryLength: 1256 }
Invalid JWT token: invalid signature
GraphQL Request: { operationName: 'GetCart', hasVariables: true, queryLength: 1256 }
Invalid JWT token: invalid signature
GraphQL Request: { operationName: 'GetCart', hasVariables: true, queryLength: 1256 }
Invalid JWT token: invalid signature
GraphQL Request: { operationName: 'GetCart', hasVariables: true, queryLength: 1256 }
Invalid JWT token: invalid signature
GraphQL Request: { operationName: 'GetCart', hasVariables: true, queryLength: 1256 }
Invalid JWT token: invalid signature
GraphQL Request: {
  operationName: 'GetPaymentGateways',
  hasVariables: true,
  queryLength: 141
}
Invalid JWT token: invalid signature
GraphQL Request: { operationName: 'GetCart', hasVariables: true, queryLength: 1256 }
Invalid JWT token: invalid signature
GraphQL Request: { operationName: 'GetCart', hasVariables: true, queryLength: 1256 }
Invalid JWT token: invalid signature
GraphQL Request: { operationName: 'GetProducts', hasVariables: true, queryLength: 1036 }
Invalid JWT token: invalid signature
GraphQL Request: { operationName: 'GetProducts', hasVariables: true, queryLength: 1036 }
Invalid JWT token: invalid signature
GraphQL Request: { operationName: 'GetProducts', hasVariables: true, queryLength: 1036 }
Invalid JWT token: invalid signature
GraphQL Request: { operationName: 'GetProducts', hasVariables: true, queryLength: 1036 }
Invalid JWT token: invalid signature
GraphQL Request: { operationName: 'GetProducts', hasVariables: true, queryLength: 1036 }
Invalid JWT token: invalid signature
GraphQL Request: { operationName: 'GetProducts', hasVariables: true, queryLength: 1036 }
Invalid JWT token: invalid signature
GraphQL Request: { operationName: 'GetProducts', hasVariables: true, queryLength: 1036 }
Invalid JWT token: invalid signature
GraphQL Request: { operationName: 'GetProducts', hasVariables: true, queryLength: 1036 }
Invalid JWT token: invalid signature
GraphQL Request: { operationName: 'GetCart', hasVariables: true, queryLength: 1256 }
Invalid JWT token: invalid signature
GraphQL Request: {
  operationName: 'GetBestSellers',
  hasVariables: true,
  queryLength: 929
}
Invalid JWT token: invalid signature
GraphQL Request: { operationName: 'GetCart', hasVariables: true, queryLength: 1256 }
Invalid JWT token: invalid signature
GraphQL Request: { operationName: 'GetCart', hasVariables: true, queryLength: 1256 }
Invalid JWT token: invalid signature
GraphQL Request: { operationName: 'GetCart', hasVariables: true, queryLength: 1256 }
Invalid JWT token: invalid signature
GraphQL Request: {
  operationName: 'GetPaymentGateways',
  hasVariables: true,
  queryLength: 141
}
Invalid JWT token: invalid signature
GraphQL Request: { operationName: 'GetProducts', hasVariables: true, queryLength: 1036 }
Invalid JWT token: invalid signature
GraphQL Request: { operationName: 'GetProducts', hasVariables: true, queryLength: 1036 }
Invalid JWT token: invalid signature
GraphQL Request: { operationName: 'GetProducts', hasVariables: true, queryLength: 1036 }
Invalid JWT token: invalid signature
GraphQL Request: { operationName: 'GetProducts', hasVariables: true, queryLength: 1036 }
Invalid JWT token: invalid signature
GraphQL Request: { operationName: 'GetProducts', hasVariables: true, queryLength: 1036 }
Invalid JWT token: invalid signature
GraphQL Request: { operationName: 'GetProducts', hasVariables: true, queryLength: 1036 }
Invalid JWT token: invalid signature
GraphQL Request: { operationName: 'GetProducts', hasVariables: true, queryLength: 1036 }
Invalid JWT token: invalid signature
GraphQL Request: { operationName: 'GetProducts', hasVariables: true, queryLength: 1036 }
Invalid JWT token: invalid signature
GraphQL Request: { operationName: 'GetCart', hasVariables: true, queryLength: 1256 }
Invalid JWT token: invalid signature
GraphQL Request: {
  operationName: 'GetBestSellers',
  hasVariables: true,
  queryLength: 929
}
Invalid JWT token: invalid signature
GraphQL Request: {
  operationName: 'GetPaymentGateways',
  hasVariables: true,
  queryLength: 141
}
Invalid JWT token: invalid signature
GraphQL Request: { operationName: 'GetProducts', hasVariables: true, queryLength: 1036 }
Invalid JWT token: invalid signature
GraphQL Request: { operationName: 'GetProducts', hasVariables: true, queryLength: 1036 }
Invalid JWT token: invalid signature
GraphQL Request: { operationName: 'GetProducts', hasVariables: true, queryLength: 1036 }
Invalid JWT token: invalid signature
GraphQL Request: { operationName: 'GetProducts', hasVariables: true, queryLength: 1036 }
Invalid JWT token: invalid signature
GraphQL Request: { operationName: 'GetProducts', hasVariables: true, queryLength: 1036 }
Invalid JWT token: invalid signature
GraphQL Request: { operationName: 'GetProducts', hasVariables: true, queryLength: 1036 }
Invalid JWT token: invalid signature
GraphQL Request: { operationName: 'GetProducts', hasVariables: true, queryLength: 1036 }
Invalid JWT token: invalid signature
GraphQL Request: { operationName: 'GetProducts', hasVariables: true, queryLength: 1036 }
Invalid JWT token: invalid signature
GraphQL Request: { operationName: 'GetCart', hasVariables: true, queryLength: 1256 }
Invalid JWT token: invalid signature
GraphQL Request: {
  operationName: 'GetBestSellers',
  hasVariables: true,
  queryLength: 929
}
Invalid JWT token: invalid signature
GraphQL Request: {
  operationName: 'GetPaymentGateways',
  hasVariables: true,
  queryLength: 141
}
Invalid JWT token: invalid signature
GraphQL Request: { operationName: 'GetCart', hasVariables: true, queryLength: 1256 }
Invalid JWT token: invalid signature
GraphQL Request: { operationName: 'GetCart', hasVariables: true, queryLength: 1256 }
Invalid JWT token: invalid signature
GraphQL Request: { operationName: 'GetCart', hasVariables: true, queryLength: 1256 }
Invalid JWT token: invalid signature
GraphQL Request: { operationName: 'GetCart', hasVariables: true, queryLength: 1256 }
Invalid JWT token: invalid signature
GraphQL Request: { operationName: 'GetCart', hasVariables: true, queryLength: 1256 }
Invalid JWT token: invalid signature
GraphQL Request: { operationName: 'GetCart', hasVariables: true, queryLength: 1256 }
Invalid JWT token: invalid signature
GraphQL Request: { operationName: 'GetCart', hasVariables: true, queryLength: 1256 }
Invalid JWT token: invalid signature
GraphQL Request: {
  operationName: 'GetPaymentGateways',
  hasVariables: true,
  queryLength: 141
}
Invalid JWT token: invalid signature
GraphQL Request: { operationName: 'GetCart', hasVariables: true, queryLength: 1256 }
Invalid JWT token: invalid signature
GraphQL Request: { operationName: 'GetCart', hasVariables: true, queryLength: 1256 }
Invalid JWT token: invalid signature
GraphQL Request: { operationName: 'GetCart', hasVariables: true, queryLength: 1256 }
Invalid JWT token: invalid signature
GraphQL Request: { operationName: 'GetCart', hasVariables: true, queryLength: 1256 }
Invalid JWT token: invalid signature
GraphQL Request: {
  operationName: 'GetPaymentGateways',
  hasVariables: true,
  queryLength: 141
}
Invalid JWT token: invalid signature
GraphQL Request: { operationName: 'GetCart', hasVariables: true, queryLength: 1256 }
Invalid JWT token: invalid signature
GraphQL Request: { operationName: 'GetCart', hasVariables: true, queryLength: 1256 }
Invalid JWT token: invalid signature
GraphQL Request: { operationName: 'GetCart', hasVariables: true, queryLength: 1256 }
Invalid JWT token: invalid signature
GraphQL Request: { operationName: 'GetCart', hasVariables: true, queryLength: 1256 }
Invalid JWT token: invalid signature
GraphQL Request: { operationName: 'GetCart', hasVariables: true, queryLength: 1256 }
Invalid JWT token: invalid signature
GraphQL Request: { operationName: 'GetCart', hasVariables: true, queryLength: 1256 }
Invalid JWT token: invalid signature
GraphQL Request: { operationName: 'GetCart', hasVariables: true, queryLength: 1256 }
Invalid JWT token: invalid signature
GraphQL Request: {
  operationName: 'GetPaymentGateways',
  hasVariables: true,
  queryLength: 141
}
Invalid JWT token: invalid signature
GraphQL Request: { operationName: 'GetCart', hasVariables: true, queryLength: 1256 }
Invalid JWT token: invalid signature
GraphQL Request: { operationName: 'GetCart', hasVariables: true, queryLength: 1256 }
Invalid JWT token: invalid signature
GraphQL Request: { operationName: 'GetCart', hasVariables: true, queryLength: 1256 }
Invalid JWT token: invalid signature
GraphQL Request: { operationName: 'GetCart', hasVariables: true, queryLength: 1256 }
Invalid JWT token: invalid signature
GraphQL Request: { operationName: 'GetCart', hasVariables: true, queryLength: 1256 }
Invalid JWT token: invalid signature
GraphQL Request: { operationName: 'GetCart', hasVariables: true, queryLength: 1256 }
